{"name": "test_product_add", "status": "broken", "statusDetails": {"message": "selenium.common.exceptions.NoSuchElementException: Message: no such element: Unable to locate element: {\"method\":\"css selector\",\"selector\":\"[name=\"location_id\"]\"}\n  (Session info: chrome=133.0.6943.127); For documentation on this error, please visit: https://www.selenium.dev/documentation/webdriver/troubleshooting/errors#no-such-element-exception\nStacktrace:\n\tGetHandleVerifier [0x00007FF77CE06EE5+28773]\n\t(No symbol) [0x00007FF77CD725D0]\n\t(No symbol) [0x00007FF77CC08FAA]\n\t(No symbol) [0x00007FF77CC5F286]\n\t(No symbol) [0x00007FF77CC5F4BC]\n\t(No symbol) [0x00007FF77CCB2A27]\n\t(No symbol) [0x00007FF77CC8728F]\n\t(No symbol) [0x00007FF77CCAF6F3]\n\t(No symbol) [0x00007FF77CC87023]\n\t(No symbol) [0x00007FF77CC4FF5E]\n\t(No symbol) [0x00007FF77CC511E3]\n\tGetHandleVerifier [0x00007FF77D15422D+3490733]\n\tGetHandleVerifier [0x00007FF77D16BA13+3586963]\n\tGetHandleVerifier [0x00007FF77D16144D+3544525]\n\tGetHandleVerifier [0x00007FF77CECC9AA+838442]\n\t(No symbol) [0x00007FF77CD7D01F]\n\t(No symbol) [0x00007FF77CD795E4]\n\t(No symbol) [0x00007FF77CD79786]\n\t(No symbol) [0x00007FF77CD68CB9]\n\tBaseThreadInitThunk [0x00007FFFD0E3259D+29]\n\tRtlUserThreadStart [0x00007FFFD1EAAF38+40]", "trace": "self = <test_location_screen.TestApp object at 0x0000014D3856B950>\n\n    @allure.severity(allure.severity_level.CRITICAL)\n    def test_product_add(self):\n        try:\n            current_url=self.driver.current_url\n            print(\"In Coming\")\n            self.driver.refresh()\n            print(\"Product Add URL : \",self.driver.get(current_url))\n            self.driver.get(current_url)\n            self.driver.get_screenshot_as_file(\"E:\\PythonWebAPP-PythonWebApp_Dev_old\\PythonWebAPP-PythonWebApp_Dev\\screenshots\\product_page.png\")\n            rows = excel_utils_functions.row_count(self.file_path, 'Locations Data')\n    \n            new_data = self.new_product_id\n            new_desc = self.new_product_desc\n    \n            print(\"Row Count:\", rows)\n            for row in range(2, rows+1):\n                product_id = excel_utils_functions.read_data(self.file_path,\"Locations Data\", row, 1)\n                # product_desc = excel_utils_functions.read_data(self.file_path,\"Locations Data\", row, 2)\n                expected_result = excel_utils_functions.read_data(self.file_path,\"Locations Data\", row, 3)\n                # web element\n>               data = self.driver.find_element(By.NAME,\"location_id\")\n\ntest_location_screen.py:69: \n_ _ _ _ _ _ _ _ _ _ _ _ _ _ _ _ _ _ _ _ _ _ _ _ _ _ _ _ _ _ _ _ _ _ _ _ _ _ _ _ _ _ _ _ _ _ _ _ _ _ _ _ _ _ _ _ _ _ _ _ _ _ _ _ _ _ _ _ _\n..\\.venv\\Lib\\site-packages\\selenium\\webdriver\\remote\\webdriver.py:888: in find_element\n    return self.execute(Command.FIND_ELEMENT, {\"using\": by, \"value\": value})[\"value\"]\n..\\.venv\\Lib\\site-packages\\selenium\\webdriver\\remote\\webdriver.py:429: in execute\n    self.error_handler.check_response(response)\n_ _ _ _ _ _ _ _ _ _ _ _ _ _ _ _ _ _ _ _ _ _ _ _ _ _ _ _ _ _ _ _ _ _ _ _ _ _ _ _ _ _ _ _ _ _ _ _ _ _ _ _ _ _ _ _ _ _ _ _ _ _ _ _ _ _ _ _ _\n\nself = <selenium.webdriver.remote.errorhandler.ErrorHandler object at 0x0000014D38570DA0>\nresponse = {'status': 404, 'value': '{\"value\":{\"error\":\"no such element\",\"message\":\"no such element: Unable to locate element: {\\...07FF77CD68CB9]\\\\n\\\\tBaseThreadInitThunk [0x00007FFFD0E3259D+29]\\\\n\\\\tRtlUserThreadStart [0x00007FFFD1EAAF38+40]\\\\n\"}}'}\n\n    def check_response(self, response: Dict[str, Any]) -> None:\n        \"\"\"Checks that a JSON response from the WebDriver does not have an\n        error.\n    \n        :Args:\n         - response - The JSON response from the WebDriver server as a dictionary\n           object.\n    \n        :Raises: If the response contains an error message.\n        \"\"\"\n        status = response.get(\"status\", None)\n        if not status or status == ErrorCode.SUCCESS:\n            return\n        value = None\n        message = response.get(\"message\", \"\")\n        screen: str = response.get(\"screen\", \"\")\n        stacktrace = None\n        if isinstance(status, int):\n            value_json = response.get(\"value\", None)\n            if value_json and isinstance(value_json, str):\n                import json\n    \n                try:\n                    value = json.loads(value_json)\n                    if len(value) == 1:\n                        value = value[\"value\"]\n                    status = value.get(\"error\", None)\n                    if not status:\n                        status = value.get(\"status\", ErrorCode.UNKNOWN_ERROR)\n                        message = value.get(\"value\") or value.get(\"message\")\n                        if not isinstance(message, str):\n                            value = message\n                            message = message.get(\"message\")\n                    else:\n                        message = value.get(\"message\", None)\n                except ValueError:\n                    pass\n    \n        exception_class: Type[WebDriverException]\n        e = ErrorCode()\n        error_codes = [item for item in dir(e) if not item.startswith(\"__\")]\n        for error_code in error_codes:\n            error_info = getattr(ErrorCode, error_code)\n            if isinstance(error_info, list) and status in error_info:\n                exception_class = getattr(ExceptionMapping, error_code, WebDriverException)\n                break\n        else:\n            exception_class = WebDriverException\n    \n        if not value:\n            value = response[\"value\"]\n        if isinstance(value, str):\n            raise exception_class(value)\n        if message == \"\" and \"message\" in value:\n            message = value[\"message\"]\n    \n        screen = None  # type: ignore[assignment]\n        if \"screen\" in value:\n            screen = value[\"screen\"]\n    \n        stacktrace = None\n        st_value = value.get(\"stackTrace\") or value.get(\"stacktrace\")\n        if st_value:\n            if isinstance(st_value, str):\n                stacktrace = st_value.split(\"\\n\")\n            else:\n                stacktrace = []\n                try:\n                    for frame in st_value:\n                        line = frame.get(\"lineNumber\", \"\")\n                        file = frame.get(\"fileName\", \"<anonymous>\")\n                        if line:\n                            file = f\"{file}:{line}\"\n                        meth = frame.get(\"methodName\", \"<anonymous>\")\n                        if \"className\" in frame:\n                            meth = f\"{frame['className']}.{meth}\"\n                        msg = \"    at %s (%s)\"\n                        msg = msg % (meth, file)\n                        stacktrace.append(msg)\n                except TypeError:\n                    pass\n        if exception_class == UnexpectedAlertPresentException:\n            alert_text = None\n            if \"data\" in value:\n                alert_text = value[\"data\"].get(\"text\")\n            elif \"alert\" in value:\n                alert_text = value[\"alert\"].get(\"text\")\n            raise exception_class(message, screen, stacktrace, alert_text)  # type: ignore[call-arg]  # mypy is not smart enough here\n>       raise exception_class(message, screen, stacktrace)\nE       selenium.common.exceptions.NoSuchElementException: Message: no such element: Unable to locate element: {\"method\":\"css selector\",\"selector\":\"[name=\"location_id\"]\"}\nE         (Session info: chrome=133.0.6943.127); For documentation on this error, please visit: https://www.selenium.dev/documentation/webdriver/troubleshooting/errors#no-such-element-exception\nE       Stacktrace:\nE       \tGetHandleVerifier [0x00007FF77CE06EE5+28773]\nE       \t(No symbol) [0x00007FF77CD725D0]\nE       \t(No symbol) [0x00007FF77CC08FAA]\nE       \t(No symbol) [0x00007FF77CC5F286]\nE       \t(No symbol) [0x00007FF77CC5F4BC]\nE       \t(No symbol) [0x00007FF77CCB2A27]\nE       \t(No symbol) [0x00007FF77CC8728F]\nE       \t(No symbol) [0x00007FF77CCAF6F3]\nE       \t(No symbol) [0x00007FF77CC87023]\nE       \t(No symbol) [0x00007FF77CC4FF5E]\nE       \t(No symbol) [0x00007FF77CC511E3]\nE       \tGetHandleVerifier [0x00007FF77D15422D+3490733]\nE       \tGetHandleVerifier [0x00007FF77D16BA13+3586963]\nE       \tGetHandleVerifier [0x00007FF77D16144D+3544525]\nE       \tGetHandleVerifier [0x00007FF77CECC9AA+838442]\nE       \t(No symbol) [0x00007FF77CD7D01F]\nE       \t(No symbol) [0x00007FF77CD795E4]\nE       \t(No symbol) [0x00007FF77CD79786]\nE       \t(No symbol) [0x00007FF77CD68CB9]\nE       \tBaseThreadInitThunk [0x00007FFFD0E3259D+29]\nE       \tRtlUserThreadStart [0x00007FFFD1EAAF38+40]\n\n..\\.venv\\Lib\\site-packages\\selenium\\webdriver\\remote\\errorhandler.py:232: NoSuchElementException"}, "start": 1740233926880, "stop": 1740233927915, "uuid": "f7c52419-2264-42c5-8bde-da838361747c", "historyId": "8adfd90e6312380c7beef7d1709ca9a9", "testCaseId": "8adfd90e6312380c7beef7d1709ca9a9", "fullName": "test_location_screen.TestApp#test_product_add", "labels": [{"name": "severity", "value": "critical"}, {"name": "suite", "value": "test_location_screen"}, {"name": "subSuite", "value": "TestApp"}, {"name": "host", "value": "DESKTOP-D5ES2FE"}, {"name": "thread", "value": "9312-MainThread"}, {"name": "framework", "value": "pytest"}, {"name": "language", "value": "cpython3"}, {"name": "package", "value": "test_location_screen"}]}